<?xml version="1.0" encoding="UTF-8"?>
<!-- Generated by org.testng.reporters.JUnitXMLReporter -->
<testsuite ignored="0" hostname="DESKTOP-1VMS04J" failures="0" tests="6" name="Test" time="44.631" errors="0" timestamp="2024-03-10T21:05:39 IST">
  <testcase classname="com.tests.AddAllItemsToCartTest" name="addAllItemsToCartTest" time="3.29"/>
  <testcase classname="com.tests.EndToEndTest" name="endToEndValidationTest" time="5.2"/>
  <testcase classname="com.tests.ErrorValidationOnCheckoutTest" name="errorValidationOnCheckoutTest" time="2.283"/>
  <testcase classname="com.tests.LoginForLockedOutUserTest" name="loginForLockedOutUserTest" time="0.831"/>
  <testcase classname="com.tests.LoginForStandardUserTest" name="loginForStandardUserTest" time="3.702"/>
  <testcase classname="com.tests.SortingOfProductsTest" name="sortingOfProductsTest" time="1.006"/>
</testsuite> <!-- Test -->
