<?xml version="1.0" encoding="UTF-8"?>
<!-- Generated by org.testng.reporters.JUnitXMLReporter -->
<testsuite ignored="0" hostname="DESKTOP-1VMS04J" failures="0" tests="6" name="Test" time="43.218" errors="0" timestamp="2024-03-10T21:13:02 IST">
  <testcase classname="com.tests.AddAllItemsToCartTest" name="addAllItemsToCartTest" time="3.363"/>
  <testcase classname="com.tests.EndToEndTest" name="endToEndValidationTest" time="5.522"/>
  <testcase classname="com.tests.ErrorValidationOnCheckoutTest" name="errorValidationOnCheckoutTest" time="2.344"/>
  <testcase classname="com.tests.LoginForLockedOutUserTest" name="loginForLockedOutUserTest" time="1.153"/>
  <testcase classname="com.tests.LoginForStandardUserTest" name="loginForStandardUserTest" time="3.582"/>
  <testcase classname="com.tests.SortingOfProductsTest" name="sortingOfProductsTest" time="0.972"/>
</testsuite> <!-- Test -->
